[2018-07-11 17:54:08] main.CRITICAL: Warning: include(C:\xampp\htdocs\visionAvenue\generated\code\Magento\CatalogInventory\Api\StockRegistryInterface\Proxy.php): failed to open stream: Resource temporarily unavailable in C:\xampp\htdocs\visionAvenue\vendor\magento\framework\Code\Generator\Io.php on line 160 {"exception":"[object] (Exception(code: 0): Warning: include(C:\\xampp\\htdocs\\visionAvenue\\generated\\code\\Magento\\CatalogInventory\\Api\\StockRegistryInterface\\Proxy.php): failed to open stream: Resource temporarily unavailable in C:\\xampp\\htdocs\\visionAvenue\\vendor\\magento\\framework\\Code\\Generator\\Io.php on line 160 at C:\\xampp\\htdocs\\visionAvenue\\vendor\\magento\\framework\\App\\ErrorHandler.php:61)"} []
[2018-07-11 17:59:27] main.CRITICAL: SQLSTATE[40001]: Serialization failure: 1213 Deadlock found when trying to get lock; try restarting transaction, query was: INSERT INTO `vAcatalog_category_product_index_store1` (`category_id`, `product_id`, `position`, `is_parent`, `store_id`, `visibility`) SELECT `cc`.`entity_id` AS `category_id`, `ccp`.`product_id`, `ccp`.`position`, 1 AS `is_parent`, 1 AS `store_id`, IFNULL(cpvs.value, cpvd.value) AS `visibility` FROM `vAcatalog_category_entity` AS `cc`
 INNER JOIN `vAcatalog_category_product` AS `ccp` ON ccp.category_id = cc.entity_id
 INNER JOIN `vAcatalog_product_website` AS `cpw` ON cpw.product_id = ccp.product_id
 INNER JOIN `vAcatalog_product_entity` AS `cpe` ON ccp.product_id = cpe.entity_id
 INNER JOIN `vAcatalog_product_entity_int` AS `cpsd` ON cpsd.entity_id = cpe.entity_id AND cpsd.store_id = 0 AND cpsd.attribute_id = 97
 LEFT JOIN `vAcatalog_product_entity_int` AS `cpss` ON cpss.entity_id = cpe.entity_id AND cpss.attribute_id = cpsd.attribute_id AND cpss.store_id = 1
 INNER JOIN `vAcatalog_product_entity_int` AS `cpvd` ON cpvd.entity_id = cpe.entity_id AND cpvd.store_id = 0 AND cpvd.attribute_id = 99
 LEFT JOIN `vAcatalog_product_entity_int` AS `cpvs` ON cpvs.entity_id = cpe.entity_id AND cpvs.attribute_id = cpvd.attribute_id AND cpvs.store_id = 1
 LEFT JOIN `vAcatalog_product_relation` AS `relation` ON cpe.entity_id = relation.parent_id
 LEFT JOIN `vAcatalog_product_entity` AS `relation_product_entity` ON relation.child_id = relation_product_entity.entity_id
 LEFT JOIN `vAcatalog_product_entity_int` AS `child_cpsd` ON child_cpsd.entity_id = relation_product_entity.entity_id AND child_cpsd.store_id = 0 AND child_cpsd.attribute_id = 97
 LEFT JOIN `vAcatalog_product_entity_int` AS `child_cpss` ON child_cpss.entity_id = relation_product_entity.entity_id AND child_cpss.attribute_id = child_cpsd.attribute_id AND child_cpss.store_id = 1 WHERE (cc.path LIKE '1/2/%') AND (cpw.website_id = '1') AND (IFNULL(cpss.value, cpsd.value) = 1) AND (IFNULL(cpvs.value, cpvd.value) IN (2, 3, 4)) AND (relation.child_id IS NULL OR IFNULL(child_cpss.value, child_cpsd.value) = 1) AND (ccp.product_id IN ('818') OR relation.child_id IN ('818')) GROUP BY `cc`.`entity_id`,
	`ccp`.`product_id`,
	`visibility` ON DUPLICATE KEY UPDATE `category_id` = VALUES(`category_id`), `product_id` = VALUES(`product_id`), `position` = VALUES(`position`), `is_parent` = VALUES(`is_parent`), `store_id` = VALUES(`store_id`), `visibility` = VALUES(`visibility`) {"exception":"[object] (Magento\\Framework\\DB\\Adapter\\DeadlockException(code: 1213): SQLSTATE[40001]: Serialization failure: 1213 Deadlock found when trying to get lock; try restarting transaction, query was: INSERT INTO `vAcatalog_category_product_index_store1` (`category_id`, `product_id`, `position`, `is_parent`, `store_id`, `visibility`) SELECT `cc`.`entity_id` AS `category_id`, `ccp`.`product_id`, `ccp`.`position`, 1 AS `is_parent`, 1 AS `store_id`, IFNULL(cpvs.value, cpvd.value) AS `visibility` FROM `vAcatalog_category_entity` AS `cc`
 INNER JOIN `vAcatalog_category_product` AS `ccp` ON ccp.category_id = cc.entity_id
 INNER JOIN `vAcatalog_product_website` AS `cpw` ON cpw.product_id = ccp.product_id
 INNER JOIN `vAcatalog_product_entity` AS `cpe` ON ccp.product_id = cpe.entity_id
 INNER JOIN `vAcatalog_product_entity_int` AS `cpsd` ON cpsd.entity_id = cpe.entity_id AND cpsd.store_id = 0 AND cpsd.attribute_id = 97
 LEFT JOIN `vAcatalog_product_entity_int` AS `cpss` ON cpss.entity_id = cpe.entity_id AND cpss.attribute_id = cpsd.attribute_id AND cpss.store_id = 1
 INNER JOIN `vAcatalog_product_entity_int` AS `cpvd` ON cpvd.entity_id = cpe.entity_id AND cpvd.store_id = 0 AND cpvd.attribute_id = 99
 LEFT JOIN `vAcatalog_product_entity_int` AS `cpvs` ON cpvs.entity_id = cpe.entity_id AND cpvs.attribute_id = cpvd.attribute_id AND cpvs.store_id = 1
 LEFT JOIN `vAcatalog_product_relation` AS `relation` ON cpe.entity_id = relation.parent_id
 LEFT JOIN `vAcatalog_product_entity` AS `relation_product_entity` ON relation.child_id = relation_product_entity.entity_id
 LEFT JOIN `vAcatalog_product_entity_int` AS `child_cpsd` ON child_cpsd.entity_id = relation_product_entity.entity_id AND child_cpsd.store_id = 0 AND child_cpsd.attribute_id = 97
 LEFT JOIN `vAcatalog_product_entity_int` AS `child_cpss` ON child_cpss.entity_id = relation_product_entity.entity_id AND child_cpss.attribute_id = child_cpsd.attribute_id AND child_cpss.store_id = 1 WHERE (cc.path LIKE '1/2/%') AND (cpw.website_id = '1') AND (IFNULL(cpss.value, cpsd.value) = 1) AND (IFNULL(cpvs.value, cpvd.value) IN (2, 3, 4)) AND (relation.child_id IS NULL OR IFNULL(child_cpss.value, child_cpsd.value) = 1) AND (ccp.product_id IN ('818') OR relation.child_id IN ('818')) GROUP BY `cc`.`entity_id`,
\t`ccp`.`product_id`,
\t`visibility` ON DUPLICATE KEY UPDATE `category_id` = VALUES(`category_id`), `product_id` = VALUES(`product_id`), `position` = VALUES(`position`), `is_parent` = VALUES(`is_parent`), `store_id` = VALUES(`store_id`), `visibility` = VALUES(`visibility`) at C:\\xampp\\htdocs\\visionAvenue\\vendor\\magento\\framework\\DB\\Adapter\\Pdo\\Mysql.php:571, Zend_Db_Statement_Exception(code: 40001): SQLSTATE[40001]: Serialization failure: 1213 Deadlock found when trying to get lock; try restarting transaction, query was: INSERT INTO `vAcatalog_category_product_index_store1` (`category_id`, `product_id`, `position`, `is_parent`, `store_id`, `visibility`) SELECT `cc`.`entity_id` AS `category_id`, `ccp`.`product_id`, `ccp`.`position`, 1 AS `is_parent`, 1 AS `store_id`, IFNULL(cpvs.value, cpvd.value) AS `visibility` FROM `vAcatalog_category_entity` AS `cc`
 INNER JOIN `vAcatalog_category_product` AS `ccp` ON ccp.category_id = cc.entity_id
 INNER JOIN `vAcatalog_product_website` AS `cpw` ON cpw.product_id = ccp.product_id
 INNER JOIN `vAcatalog_product_entity` AS `cpe` ON ccp.product_id = cpe.entity_id
 INNER JOIN `vAcatalog_product_entity_int` AS `cpsd` ON cpsd.entity_id = cpe.entity_id AND cpsd.store_id = 0 AND cpsd.attribute_id = 97
 LEFT JOIN `vAcatalog_product_entity_int` AS `cpss` ON cpss.entity_id = cpe.entity_id AND cpss.attribute_id = cpsd.attribute_id AND cpss.store_id = 1
 INNER JOIN `vAcatalog_product_entity_int` AS `cpvd` ON cpvd.entity_id = cpe.entity_id AND cpvd.store_id = 0 AND cpvd.attribute_id = 99
 LEFT JOIN `vAcatalog_product_entity_int` AS `cpvs` ON cpvs.entity_id = cpe.entity_id AND cpvs.attribute_id = cpvd.attribute_id AND cpvs.store_id = 1
 LEFT JOIN `vAcatalog_product_relation` AS `relation` ON cpe.entity_id = relation.parent_id
 LEFT JOIN `vAcatalog_product_entity` AS `relation_product_entity` ON relation.child_id = relation_product_entity.entity_id
 LEFT JOIN `vAcatalog_product_entity_int` AS `child_cpsd` ON child_cpsd.entity_id = relation_product_entity.entity_id AND child_cpsd.store_id = 0 AND child_cpsd.attribute_id = 97
 LEFT JOIN `vAcatalog_product_entity_int` AS `child_cpss` ON child_cpss.entity_id = relation_product_entity.entity_id AND child_cpss.attribute_id = child_cpsd.attribute_id AND child_cpss.store_id = 1 WHERE (cc.path LIKE '1/2/%') AND (cpw.website_id = '1') AND (IFNULL(cpss.value, cpsd.value) = 1) AND (IFNULL(cpvs.value, cpvd.value) IN (2, 3, 4)) AND (relation.child_id IS NULL OR IFNULL(child_cpss.value, child_cpsd.value) = 1) AND (ccp.product_id IN ('818') OR relation.child_id IN ('818')) GROUP BY `cc`.`entity_id`,
\t`ccp`.`product_id`,
\t`visibility` ON DUPLICATE KEY UPDATE `category_id` = VALUES(`category_id`), `product_id` = VALUES(`product_id`), `position` = VALUES(`position`), `is_parent` = VALUES(`is_parent`), `store_id` = VALUES(`store_id`), `visibility` = VALUES(`visibility`) at C:\\xampp\\htdocs\\visionAvenue\\vendor\\magento\\zendframework1\\library\\Zend\\Db\\Statement\\Pdo.php:235, PDOException(code: 40001): SQLSTATE[40001]: Serialization failure: 1213 Deadlock found when trying to get lock; try restarting transaction at C:\\xampp\\htdocs\\visionAvenue\\vendor\\magento\\zendframework1\\library\\Zend\\Db\\Statement\\Pdo.php:228)"} []
[2018-07-11 18:00:05] main.CRITICAL: SQLSTATE[40001]: Serialization failure: 1213 Deadlock found when trying to get lock; try restarting transaction, query was: INSERT INTO `vAcatalog_category_product_index_store1` (`category_id`, `product_id`, `position`, `is_parent`, `store_id`, `visibility`) SELECT `cc`.`entity_id` AS `category_id`, `ccp`.`product_id`, `ccp`.`position`, 1 AS `is_parent`, 1 AS `store_id`, IFNULL(cpvs.value, cpvd.value) AS `visibility` FROM `vAcatalog_category_entity` AS `cc`
 INNER JOIN `vAcatalog_category_product` AS `ccp` ON ccp.category_id = cc.entity_id
 INNER JOIN `vAcatalog_product_website` AS `cpw` ON cpw.product_id = ccp.product_id
 INNER JOIN `vAcatalog_product_entity` AS `cpe` ON ccp.product_id = cpe.entity_id
 INNER JOIN `vAcatalog_product_entity_int` AS `cpsd` ON cpsd.entity_id = cpe.entity_id AND cpsd.store_id = 0 AND cpsd.attribute_id = 97
 LEFT JOIN `vAcatalog_product_entity_int` AS `cpss` ON cpss.entity_id = cpe.entity_id AND cpss.attribute_id = cpsd.attribute_id AND cpss.store_id = 1
 INNER JOIN `vAcatalog_product_entity_int` AS `cpvd` ON cpvd.entity_id = cpe.entity_id AND cpvd.store_id = 0 AND cpvd.attribute_id = 99
 LEFT JOIN `vAcatalog_product_entity_int` AS `cpvs` ON cpvs.entity_id = cpe.entity_id AND cpvs.attribute_id = cpvd.attribute_id AND cpvs.store_id = 1
 LEFT JOIN `vAcatalog_product_relation` AS `relation` ON cpe.entity_id = relation.parent_id
 LEFT JOIN `vAcatalog_product_entity` AS `relation_product_entity` ON relation.child_id = relation_product_entity.entity_id
 LEFT JOIN `vAcatalog_product_entity_int` AS `child_cpsd` ON child_cpsd.entity_id = relation_product_entity.entity_id AND child_cpsd.store_id = 0 AND child_cpsd.attribute_id = 97
 LEFT JOIN `vAcatalog_product_entity_int` AS `child_cpss` ON child_cpss.entity_id = relation_product_entity.entity_id AND child_cpss.attribute_id = child_cpsd.attribute_id AND child_cpss.store_id = 1 WHERE (cc.path LIKE '1/2/%') AND (cpw.website_id = '1') AND (IFNULL(cpss.value, cpsd.value) = 1) AND (IFNULL(cpvs.value, cpvd.value) IN (2, 3, 4)) AND (relation.child_id IS NULL OR IFNULL(child_cpss.value, child_cpsd.value) = 1) AND (ccp.product_id IN ('858') OR relation.child_id IN ('858')) GROUP BY `cc`.`entity_id`,
	`ccp`.`product_id`,
	`visibility` ON DUPLICATE KEY UPDATE `category_id` = VALUES(`category_id`), `product_id` = VALUES(`product_id`), `position` = VALUES(`position`), `is_parent` = VALUES(`is_parent`), `store_id` = VALUES(`store_id`), `visibility` = VALUES(`visibility`) {"exception":"[object] (Magento\\Framework\\DB\\Adapter\\DeadlockException(code: 1213): SQLSTATE[40001]: Serialization failure: 1213 Deadlock found when trying to get lock; try restarting transaction, query was: INSERT INTO `vAcatalog_category_product_index_store1` (`category_id`, `product_id`, `position`, `is_parent`, `store_id`, `visibility`) SELECT `cc`.`entity_id` AS `category_id`, `ccp`.`product_id`, `ccp`.`position`, 1 AS `is_parent`, 1 AS `store_id`, IFNULL(cpvs.value, cpvd.value) AS `visibility` FROM `vAcatalog_category_entity` AS `cc`
 INNER JOIN `vAcatalog_category_product` AS `ccp` ON ccp.category_id = cc.entity_id
 INNER JOIN `vAcatalog_product_website` AS `cpw` ON cpw.product_id = ccp.product_id
 INNER JOIN `vAcatalog_product_entity` AS `cpe` ON ccp.product_id = cpe.entity_id
 INNER JOIN `vAcatalog_product_entity_int` AS `cpsd` ON cpsd.entity_id = cpe.entity_id AND cpsd.store_id = 0 AND cpsd.attribute_id = 97
 LEFT JOIN `vAcatalog_product_entity_int` AS `cpss` ON cpss.entity_id = cpe.entity_id AND cpss.attribute_id = cpsd.attribute_id AND cpss.store_id = 1
 INNER JOIN `vAcatalog_product_entity_int` AS `cpvd` ON cpvd.entity_id = cpe.entity_id AND cpvd.store_id = 0 AND cpvd.attribute_id = 99
 LEFT JOIN `vAcatalog_product_entity_int` AS `cpvs` ON cpvs.entity_id = cpe.entity_id AND cpvs.attribute_id = cpvd.attribute_id AND cpvs.store_id = 1
 LEFT JOIN `vAcatalog_product_relation` AS `relation` ON cpe.entity_id = relation.parent_id
 LEFT JOIN `vAcatalog_product_entity` AS `relation_product_entity` ON relation.child_id = relation_product_entity.entity_id
 LEFT JOIN `vAcatalog_product_entity_int` AS `child_cpsd` ON child_cpsd.entity_id = relation_product_entity.entity_id AND child_cpsd.store_id = 0 AND child_cpsd.attribute_id = 97
 LEFT JOIN `vAcatalog_product_entity_int` AS `child_cpss` ON child_cpss.entity_id = relation_product_entity.entity_id AND child_cpss.attribute_id = child_cpsd.attribute_id AND child_cpss.store_id = 1 WHERE (cc.path LIKE '1/2/%') AND (cpw.website_id = '1') AND (IFNULL(cpss.value, cpsd.value) = 1) AND (IFNULL(cpvs.value, cpvd.value) IN (2, 3, 4)) AND (relation.child_id IS NULL OR IFNULL(child_cpss.value, child_cpsd.value) = 1) AND (ccp.product_id IN ('858') OR relation.child_id IN ('858')) GROUP BY `cc`.`entity_id`,
\t`ccp`.`product_id`,
\t`visibility` ON DUPLICATE KEY UPDATE `category_id` = VALUES(`category_id`), `product_id` = VALUES(`product_id`), `position` = VALUES(`position`), `is_parent` = VALUES(`is_parent`), `store_id` = VALUES(`store_id`), `visibility` = VALUES(`visibility`) at C:\\xampp\\htdocs\\visionAvenue\\vendor\\magento\\framework\\DB\\Adapter\\Pdo\\Mysql.php:571, Zend_Db_Statement_Exception(code: 40001): SQLSTATE[40001]: Serialization failure: 1213 Deadlock found when trying to get lock; try restarting transaction, query was: INSERT INTO `vAcatalog_category_product_index_store1` (`category_id`, `product_id`, `position`, `is_parent`, `store_id`, `visibility`) SELECT `cc`.`entity_id` AS `category_id`, `ccp`.`product_id`, `ccp`.`position`, 1 AS `is_parent`, 1 AS `store_id`, IFNULL(cpvs.value, cpvd.value) AS `visibility` FROM `vAcatalog_category_entity` AS `cc`
 INNER JOIN `vAcatalog_category_product` AS `ccp` ON ccp.category_id = cc.entity_id
 INNER JOIN `vAcatalog_product_website` AS `cpw` ON cpw.product_id = ccp.product_id
 INNER JOIN `vAcatalog_product_entity` AS `cpe` ON ccp.product_id = cpe.entity_id
 INNER JOIN `vAcatalog_product_entity_int` AS `cpsd` ON cpsd.entity_id = cpe.entity_id AND cpsd.store_id = 0 AND cpsd.attribute_id = 97
 LEFT JOIN `vAcatalog_product_entity_int` AS `cpss` ON cpss.entity_id = cpe.entity_id AND cpss.attribute_id = cpsd.attribute_id AND cpss.store_id = 1
 INNER JOIN `vAcatalog_product_entity_int` AS `cpvd` ON cpvd.entity_id = cpe.entity_id AND cpvd.store_id = 0 AND cpvd.attribute_id = 99
 LEFT JOIN `vAcatalog_product_entity_int` AS `cpvs` ON cpvs.entity_id = cpe.entity_id AND cpvs.attribute_id = cpvd.attribute_id AND cpvs.store_id = 1
 LEFT JOIN `vAcatalog_product_relation` AS `relation` ON cpe.entity_id = relation.parent_id
 LEFT JOIN `vAcatalog_product_entity` AS `relation_product_entity` ON relation.child_id = relation_product_entity.entity_id
 LEFT JOIN `vAcatalog_product_entity_int` AS `child_cpsd` ON child_cpsd.entity_id = relation_product_entity.entity_id AND child_cpsd.store_id = 0 AND child_cpsd.attribute_id = 97
 LEFT JOIN `vAcatalog_product_entity_int` AS `child_cpss` ON child_cpss.entity_id = relation_product_entity.entity_id AND child_cpss.attribute_id = child_cpsd.attribute_id AND child_cpss.store_id = 1 WHERE (cc.path LIKE '1/2/%') AND (cpw.website_id = '1') AND (IFNULL(cpss.value, cpsd.value) = 1) AND (IFNULL(cpvs.value, cpvd.value) IN (2, 3, 4)) AND (relation.child_id IS NULL OR IFNULL(child_cpss.value, child_cpsd.value) = 1) AND (ccp.product_id IN ('858') OR relation.child_id IN ('858')) GROUP BY `cc`.`entity_id`,
\t`ccp`.`product_id`,
\t`visibility` ON DUPLICATE KEY UPDATE `category_id` = VALUES(`category_id`), `product_id` = VALUES(`product_id`), `position` = VALUES(`position`), `is_parent` = VALUES(`is_parent`), `store_id` = VALUES(`store_id`), `visibility` = VALUES(`visibility`) at C:\\xampp\\htdocs\\visionAvenue\\vendor\\magento\\zendframework1\\library\\Zend\\Db\\Statement\\Pdo.php:235, PDOException(code: 40001): SQLSTATE[40001]: Serialization failure: 1213 Deadlock found when trying to get lock; try restarting transaction at C:\\xampp\\htdocs\\visionAvenue\\vendor\\magento\\zendframework1\\library\\Zend\\Db\\Statement\\Pdo.php:228)"} []
[2018-07-11 18:00:56] main.CRITICAL: SQLSTATE[40001]: Serialization failure: 1213 Deadlock found when trying to get lock; try restarting transaction, query was: INSERT INTO `vAcatalog_category_product_index_store1` (`category_id`, `product_id`, `position`, `is_parent`, `store_id`, `visibility`) SELECT `cc`.`entity_id` AS `category_id`, `ccp`.`product_id`, `ccp`.`position`, 1 AS `is_parent`, 1 AS `store_id`, IFNULL(cpvs.value, cpvd.value) AS `visibility` FROM `vAcatalog_category_entity` AS `cc`
 INNER JOIN `vAcatalog_category_product` AS `ccp` ON ccp.category_id = cc.entity_id
 INNER JOIN `vAcatalog_product_website` AS `cpw` ON cpw.product_id = ccp.product_id
 INNER JOIN `vAcatalog_product_entity` AS `cpe` ON ccp.product_id = cpe.entity_id
 INNER JOIN `vAcatalog_product_entity_int` AS `cpsd` ON cpsd.entity_id = cpe.entity_id AND cpsd.store_id = 0 AND cpsd.attribute_id = 97
 LEFT JOIN `vAcatalog_product_entity_int` AS `cpss` ON cpss.entity_id = cpe.entity_id AND cpss.attribute_id = cpsd.attribute_id AND cpss.store_id = 1
 INNER JOIN `vAcatalog_product_entity_int` AS `cpvd` ON cpvd.entity_id = cpe.entity_id AND cpvd.store_id = 0 AND cpvd.attribute_id = 99
 LEFT JOIN `vAcatalog_product_entity_int` AS `cpvs` ON cpvs.entity_id = cpe.entity_id AND cpvs.attribute_id = cpvd.attribute_id AND cpvs.store_id = 1
 LEFT JOIN `vAcatalog_product_relation` AS `relation` ON cpe.entity_id = relation.parent_id
 LEFT JOIN `vAcatalog_product_entity` AS `relation_product_entity` ON relation.child_id = relation_product_entity.entity_id
 LEFT JOIN `vAcatalog_product_entity_int` AS `child_cpsd` ON child_cpsd.entity_id = relation_product_entity.entity_id AND child_cpsd.store_id = 0 AND child_cpsd.attribute_id = 97
 LEFT JOIN `vAcatalog_product_entity_int` AS `child_cpss` ON child_cpss.entity_id = relation_product_entity.entity_id AND child_cpss.attribute_id = child_cpsd.attribute_id AND child_cpss.store_id = 1 WHERE (cc.path LIKE '1/2/%') AND (cpw.website_id = '1') AND (IFNULL(cpss.value, cpsd.value) = 1) AND (IFNULL(cpvs.value, cpvd.value) IN (2, 3, 4)) AND (relation.child_id IS NULL OR IFNULL(child_cpss.value, child_cpsd.value) = 1) AND (ccp.product_id IN ('910') OR relation.child_id IN ('910')) GROUP BY `cc`.`entity_id`,
	`ccp`.`product_id`,
	`visibility` ON DUPLICATE KEY UPDATE `category_id` = VALUES(`category_id`), `product_id` = VALUES(`product_id`), `position` = VALUES(`position`), `is_parent` = VALUES(`is_parent`), `store_id` = VALUES(`store_id`), `visibility` = VALUES(`visibility`) {"exception":"[object] (Magento\\Framework\\DB\\Adapter\\DeadlockException(code: 1213): SQLSTATE[40001]: Serialization failure: 1213 Deadlock found when trying to get lock; try restarting transaction, query was: INSERT INTO `vAcatalog_category_product_index_store1` (`category_id`, `product_id`, `position`, `is_parent`, `store_id`, `visibility`) SELECT `cc`.`entity_id` AS `category_id`, `ccp`.`product_id`, `ccp`.`position`, 1 AS `is_parent`, 1 AS `store_id`, IFNULL(cpvs.value, cpvd.value) AS `visibility` FROM `vAcatalog_category_entity` AS `cc`
 INNER JOIN `vAcatalog_category_product` AS `ccp` ON ccp.category_id = cc.entity_id
 INNER JOIN `vAcatalog_product_website` AS `cpw` ON cpw.product_id = ccp.product_id
 INNER JOIN `vAcatalog_product_entity` AS `cpe` ON ccp.product_id = cpe.entity_id
 INNER JOIN `vAcatalog_product_entity_int` AS `cpsd` ON cpsd.entity_id = cpe.entity_id AND cpsd.store_id = 0 AND cpsd.attribute_id = 97
 LEFT JOIN `vAcatalog_product_entity_int` AS `cpss` ON cpss.entity_id = cpe.entity_id AND cpss.attribute_id = cpsd.attribute_id AND cpss.store_id = 1
 INNER JOIN `vAcatalog_product_entity_int` AS `cpvd` ON cpvd.entity_id = cpe.entity_id AND cpvd.store_id = 0 AND cpvd.attribute_id = 99
 LEFT JOIN `vAcatalog_product_entity_int` AS `cpvs` ON cpvs.entity_id = cpe.entity_id AND cpvs.attribute_id = cpvd.attribute_id AND cpvs.store_id = 1
 LEFT JOIN `vAcatalog_product_relation` AS `relation` ON cpe.entity_id = relation.parent_id
 LEFT JOIN `vAcatalog_product_entity` AS `relation_product_entity` ON relation.child_id = relation_product_entity.entity_id
 LEFT JOIN `vAcatalog_product_entity_int` AS `child_cpsd` ON child_cpsd.entity_id = relation_product_entity.entity_id AND child_cpsd.store_id = 0 AND child_cpsd.attribute_id = 97
 LEFT JOIN `vAcatalog_product_entity_int` AS `child_cpss` ON child_cpss.entity_id = relation_product_entity.entity_id AND child_cpss.attribute_id = child_cpsd.attribute_id AND child_cpss.store_id = 1 WHERE (cc.path LIKE '1/2/%') AND (cpw.website_id = '1') AND (IFNULL(cpss.value, cpsd.value) = 1) AND (IFNULL(cpvs.value, cpvd.value) IN (2, 3, 4)) AND (relation.child_id IS NULL OR IFNULL(child_cpss.value, child_cpsd.value) = 1) AND (ccp.product_id IN ('910') OR relation.child_id IN ('910')) GROUP BY `cc`.`entity_id`,
\t`ccp`.`product_id`,
\t`visibility` ON DUPLICATE KEY UPDATE `category_id` = VALUES(`category_id`), `product_id` = VALUES(`product_id`), `position` = VALUES(`position`), `is_parent` = VALUES(`is_parent`), `store_id` = VALUES(`store_id`), `visibility` = VALUES(`visibility`) at C:\\xampp\\htdocs\\visionAvenue\\vendor\\magento\\framework\\DB\\Adapter\\Pdo\\Mysql.php:571, Zend_Db_Statement_Exception(code: 40001): SQLSTATE[40001]: Serialization failure: 1213 Deadlock found when trying to get lock; try restarting transaction, query was: INSERT INTO `vAcatalog_category_product_index_store1` (`category_id`, `product_id`, `position`, `is_parent`, `store_id`, `visibility`) SELECT `cc`.`entity_id` AS `category_id`, `ccp`.`product_id`, `ccp`.`position`, 1 AS `is_parent`, 1 AS `store_id`, IFNULL(cpvs.value, cpvd.value) AS `visibility` FROM `vAcatalog_category_entity` AS `cc`
 INNER JOIN `vAcatalog_category_product` AS `ccp` ON ccp.category_id = cc.entity_id
 INNER JOIN `vAcatalog_product_website` AS `cpw` ON cpw.product_id = ccp.product_id
 INNER JOIN `vAcatalog_product_entity` AS `cpe` ON ccp.product_id = cpe.entity_id
 INNER JOIN `vAcatalog_product_entity_int` AS `cpsd` ON cpsd.entity_id = cpe.entity_id AND cpsd.store_id = 0 AND cpsd.attribute_id = 97
 LEFT JOIN `vAcatalog_product_entity_int` AS `cpss` ON cpss.entity_id = cpe.entity_id AND cpss.attribute_id = cpsd.attribute_id AND cpss.store_id = 1
 INNER JOIN `vAcatalog_product_entity_int` AS `cpvd` ON cpvd.entity_id = cpe.entity_id AND cpvd.store_id = 0 AND cpvd.attribute_id = 99
 LEFT JOIN `vAcatalog_product_entity_int` AS `cpvs` ON cpvs.entity_id = cpe.entity_id AND cpvs.attribute_id = cpvd.attribute_id AND cpvs.store_id = 1
 LEFT JOIN `vAcatalog_product_relation` AS `relation` ON cpe.entity_id = relation.parent_id
 LEFT JOIN `vAcatalog_product_entity` AS `relation_product_entity` ON relation.child_id = relation_product_entity.entity_id
 LEFT JOIN `vAcatalog_product_entity_int` AS `child_cpsd` ON child_cpsd.entity_id = relation_product_entity.entity_id AND child_cpsd.store_id = 0 AND child_cpsd.attribute_id = 97
 LEFT JOIN `vAcatalog_product_entity_int` AS `child_cpss` ON child_cpss.entity_id = relation_product_entity.entity_id AND child_cpss.attribute_id = child_cpsd.attribute_id AND child_cpss.store_id = 1 WHERE (cc.path LIKE '1/2/%') AND (cpw.website_id = '1') AND (IFNULL(cpss.value, cpsd.value) = 1) AND (IFNULL(cpvs.value, cpvd.value) IN (2, 3, 4)) AND (relation.child_id IS NULL OR IFNULL(child_cpss.value, child_cpsd.value) = 1) AND (ccp.product_id IN ('910') OR relation.child_id IN ('910')) GROUP BY `cc`.`entity_id`,
\t`ccp`.`product_id`,
\t`visibility` ON DUPLICATE KEY UPDATE `category_id` = VALUES(`category_id`), `product_id` = VALUES(`product_id`), `position` = VALUES(`position`), `is_parent` = VALUES(`is_parent`), `store_id` = VALUES(`store_id`), `visibility` = VALUES(`visibility`) at C:\\xampp\\htdocs\\visionAvenue\\vendor\\magento\\zendframework1\\library\\Zend\\Db\\Statement\\Pdo.php:235, PDOException(code: 40001): SQLSTATE[40001]: Serialization failure: 1213 Deadlock found when trying to get lock; try restarting transaction at C:\\xampp\\htdocs\\visionAvenue\\vendor\\magento\\zendframework1\\library\\Zend\\Db\\Statement\\Pdo.php:228)"} []
[2018-07-11 18:03:36] main.CRITICAL: SQLSTATE[40001]: Serialization failure: 1213 Deadlock found when trying to get lock; try restarting transaction, query was: INSERT INTO `vAcatalog_category_product_index_store1` (`category_id`, `product_id`, `position`, `is_parent`, `store_id`, `visibility`) SELECT `cc`.`entity_id` AS `category_id`, `ccp`.`product_id`, `ccp`.`position`, 1 AS `is_parent`, 1 AS `store_id`, IFNULL(cpvs.value, cpvd.value) AS `visibility` FROM `vAcatalog_category_entity` AS `cc`
 INNER JOIN `vAcatalog_category_product` AS `ccp` ON ccp.category_id = cc.entity_id
 INNER JOIN `vAcatalog_product_website` AS `cpw` ON cpw.product_id = ccp.product_id
 INNER JOIN `vAcatalog_product_entity` AS `cpe` ON ccp.product_id = cpe.entity_id
 INNER JOIN `vAcatalog_product_entity_int` AS `cpsd` ON cpsd.entity_id = cpe.entity_id AND cpsd.store_id = 0 AND cpsd.attribute_id = 97
 LEFT JOIN `vAcatalog_product_entity_int` AS `cpss` ON cpss.entity_id = cpe.entity_id AND cpss.attribute_id = cpsd.attribute_id AND cpss.store_id = 1
 INNER JOIN `vAcatalog_product_entity_int` AS `cpvd` ON cpvd.entity_id = cpe.entity_id AND cpvd.store_id = 0 AND cpvd.attribute_id = 99
 LEFT JOIN `vAcatalog_product_entity_int` AS `cpvs` ON cpvs.entity_id = cpe.entity_id AND cpvs.attribute_id = cpvd.attribute_id AND cpvs.store_id = 1
 LEFT JOIN `vAcatalog_product_relation` AS `relation` ON cpe.entity_id = relation.parent_id
 LEFT JOIN `vAcatalog_product_entity` AS `relation_product_entity` ON relation.child_id = relation_product_entity.entity_id
 LEFT JOIN `vAcatalog_product_entity_int` AS `child_cpsd` ON child_cpsd.entity_id = relation_product_entity.entity_id AND child_cpsd.store_id = 0 AND child_cpsd.attribute_id = 97
 LEFT JOIN `vAcatalog_product_entity_int` AS `child_cpss` ON child_cpss.entity_id = relation_product_entity.entity_id AND child_cpss.attribute_id = child_cpsd.attribute_id AND child_cpss.store_id = 1 WHERE (cc.path LIKE '1/2/%') AND (cpw.website_id = '1') AND (IFNULL(cpss.value, cpsd.value) = 1) AND (IFNULL(cpvs.value, cpvd.value) IN (2, 3, 4)) AND (relation.child_id IS NULL OR IFNULL(child_cpss.value, child_cpsd.value) = 1) AND (ccp.product_id IN ('1072') OR relation.child_id IN ('1072')) GROUP BY `cc`.`entity_id`,
	`ccp`.`product_id`,
	`visibility` ON DUPLICATE KEY UPDATE `category_id` = VALUES(`category_id`), `product_id` = VALUES(`product_id`), `position` = VALUES(`position`), `is_parent` = VALUES(`is_parent`), `store_id` = VALUES(`store_id`), `visibility` = VALUES(`visibility`) {"exception":"[object] (Magento\\Framework\\DB\\Adapter\\DeadlockException(code: 1213): SQLSTATE[40001]: Serialization failure: 1213 Deadlock found when trying to get lock; try restarting transaction, query was: INSERT INTO `vAcatalog_category_product_index_store1` (`category_id`, `product_id`, `position`, `is_parent`, `store_id`, `visibility`) SELECT `cc`.`entity_id` AS `category_id`, `ccp`.`product_id`, `ccp`.`position`, 1 AS `is_parent`, 1 AS `store_id`, IFNULL(cpvs.value, cpvd.value) AS `visibility` FROM `vAcatalog_category_entity` AS `cc`
 INNER JOIN `vAcatalog_category_product` AS `ccp` ON ccp.category_id = cc.entity_id
 INNER JOIN `vAcatalog_product_website` AS `cpw` ON cpw.product_id = ccp.product_id
 INNER JOIN `vAcatalog_product_entity` AS `cpe` ON ccp.product_id = cpe.entity_id
 INNER JOIN `vAcatalog_product_entity_int` AS `cpsd` ON cpsd.entity_id = cpe.entity_id AND cpsd.store_id = 0 AND cpsd.attribute_id = 97
 LEFT JOIN `vAcatalog_product_entity_int` AS `cpss` ON cpss.entity_id = cpe.entity_id AND cpss.attribute_id = cpsd.attribute_id AND cpss.store_id = 1
 INNER JOIN `vAcatalog_product_entity_int` AS `cpvd` ON cpvd.entity_id = cpe.entity_id AND cpvd.store_id = 0 AND cpvd.attribute_id = 99
 LEFT JOIN `vAcatalog_product_entity_int` AS `cpvs` ON cpvs.entity_id = cpe.entity_id AND cpvs.attribute_id = cpvd.attribute_id AND cpvs.store_id = 1
 LEFT JOIN `vAcatalog_product_relation` AS `relation` ON cpe.entity_id = relation.parent_id
 LEFT JOIN `vAcatalog_product_entity` AS `relation_product_entity` ON relation.child_id = relation_product_entity.entity_id
 LEFT JOIN `vAcatalog_product_entity_int` AS `child_cpsd` ON child_cpsd.entity_id = relation_product_entity.entity_id AND child_cpsd.store_id = 0 AND child_cpsd.attribute_id = 97
 LEFT JOIN `vAcatalog_product_entity_int` AS `child_cpss` ON child_cpss.entity_id = relation_product_entity.entity_id AND child_cpss.attribute_id = child_cpsd.attribute_id AND child_cpss.store_id = 1 WHERE (cc.path LIKE '1/2/%') AND (cpw.website_id = '1') AND (IFNULL(cpss.value, cpsd.value) = 1) AND (IFNULL(cpvs.value, cpvd.value) IN (2, 3, 4)) AND (relation.child_id IS NULL OR IFNULL(child_cpss.value, child_cpsd.value) = 1) AND (ccp.product_id IN ('1072') OR relation.child_id IN ('1072')) GROUP BY `cc`.`entity_id`,
\t`ccp`.`product_id`,
\t`visibility` ON DUPLICATE KEY UPDATE `category_id` = VALUES(`category_id`), `product_id` = VALUES(`product_id`), `position` = VALUES(`position`), `is_parent` = VALUES(`is_parent`), `store_id` = VALUES(`store_id`), `visibility` = VALUES(`visibility`) at C:\\xampp\\htdocs\\visionAvenue\\vendor\\magento\\framework\\DB\\Adapter\\Pdo\\Mysql.php:571, Zend_Db_Statement_Exception(code: 40001): SQLSTATE[40001]: Serialization failure: 1213 Deadlock found when trying to get lock; try restarting transaction, query was: INSERT INTO `vAcatalog_category_product_index_store1` (`category_id`, `product_id`, `position`, `is_parent`, `store_id`, `visibility`) SELECT `cc`.`entity_id` AS `category_id`, `ccp`.`product_id`, `ccp`.`position`, 1 AS `is_parent`, 1 AS `store_id`, IFNULL(cpvs.value, cpvd.value) AS `visibility` FROM `vAcatalog_category_entity` AS `cc`
 INNER JOIN `vAcatalog_category_product` AS `ccp` ON ccp.category_id = cc.entity_id
 INNER JOIN `vAcatalog_product_website` AS `cpw` ON cpw.product_id = ccp.product_id
 INNER JOIN `vAcatalog_product_entity` AS `cpe` ON ccp.product_id = cpe.entity_id
 INNER JOIN `vAcatalog_product_entity_int` AS `cpsd` ON cpsd.entity_id = cpe.entity_id AND cpsd.store_id = 0 AND cpsd.attribute_id = 97
 LEFT JOIN `vAcatalog_product_entity_int` AS `cpss` ON cpss.entity_id = cpe.entity_id AND cpss.attribute_id = cpsd.attribute_id AND cpss.store_id = 1
 INNER JOIN `vAcatalog_product_entity_int` AS `cpvd` ON cpvd.entity_id = cpe.entity_id AND cpvd.store_id = 0 AND cpvd.attribute_id = 99
 LEFT JOIN `vAcatalog_product_entity_int` AS `cpvs` ON cpvs.entity_id = cpe.entity_id AND cpvs.attribute_id = cpvd.attribute_id AND cpvs.store_id = 1
 LEFT JOIN `vAcatalog_product_relation` AS `relation` ON cpe.entity_id = relation.parent_id
 LEFT JOIN `vAcatalog_product_entity` AS `relation_product_entity` ON relation.child_id = relation_product_entity.entity_id
 LEFT JOIN `vAcatalog_product_entity_int` AS `child_cpsd` ON child_cpsd.entity_id = relation_product_entity.entity_id AND child_cpsd.store_id = 0 AND child_cpsd.attribute_id = 97
 LEFT JOIN `vAcatalog_product_entity_int` AS `child_cpss` ON child_cpss.entity_id = relation_product_entity.entity_id AND child_cpss.attribute_id = child_cpsd.attribute_id AND child_cpss.store_id = 1 WHERE (cc.path LIKE '1/2/%') AND (cpw.website_id = '1') AND (IFNULL(cpss.value, cpsd.value) = 1) AND (IFNULL(cpvs.value, cpvd.value) IN (2, 3, 4)) AND (relation.child_id IS NULL OR IFNULL(child_cpss.value, child_cpsd.value) = 1) AND (ccp.product_id IN ('1072') OR relation.child_id IN ('1072')) GROUP BY `cc`.`entity_id`,
\t`ccp`.`product_id`,
\t`visibility` ON DUPLICATE KEY UPDATE `category_id` = VALUES(`category_id`), `product_id` = VALUES(`product_id`), `position` = VALUES(`position`), `is_parent` = VALUES(`is_parent`), `store_id` = VALUES(`store_id`), `visibility` = VALUES(`visibility`) at C:\\xampp\\htdocs\\visionAvenue\\vendor\\magento\\zendframework1\\library\\Zend\\Db\\Statement\\Pdo.php:235, PDOException(code: 40001): SQLSTATE[40001]: Serialization failure: 1213 Deadlock found when trying to get lock; try restarting transaction at C:\\xampp\\htdocs\\visionAvenue\\vendor\\magento\\zendframework1\\library\\Zend\\Db\\Statement\\Pdo.php:228)"} []
[2018-07-11 18:05:41] main.CRITICAL: SQLSTATE[40001]: Serialization failure: 1213 Deadlock found when trying to get lock; try restarting transaction, query was: INSERT INTO `vAcatalog_category_product_index_store1` (`category_id`, `product_id`, `position`, `is_parent`, `store_id`, `visibility`) SELECT `cc`.`entity_id` AS `category_id`, `ccp`.`product_id`, `ccp`.`position`, 1 AS `is_parent`, 1 AS `store_id`, IFNULL(cpvs.value, cpvd.value) AS `visibility` FROM `vAcatalog_category_entity` AS `cc`
 INNER JOIN `vAcatalog_category_product` AS `ccp` ON ccp.category_id = cc.entity_id
 INNER JOIN `vAcatalog_product_website` AS `cpw` ON cpw.product_id = ccp.product_id
 INNER JOIN `vAcatalog_product_entity` AS `cpe` ON ccp.product_id = cpe.entity_id
 INNER JOIN `vAcatalog_product_entity_int` AS `cpsd` ON cpsd.entity_id = cpe.entity_id AND cpsd.store_id = 0 AND cpsd.attribute_id = 97
 LEFT JOIN `vAcatalog_product_entity_int` AS `cpss` ON cpss.entity_id = cpe.entity_id AND cpss.attribute_id = cpsd.attribute_id AND cpss.store_id = 1
 INNER JOIN `vAcatalog_product_entity_int` AS `cpvd` ON cpvd.entity_id = cpe.entity_id AND cpvd.store_id = 0 AND cpvd.attribute_id = 99
 LEFT JOIN `vAcatalog_product_entity_int` AS `cpvs` ON cpvs.entity_id = cpe.entity_id AND cpvs.attribute_id = cpvd.attribute_id AND cpvs.store_id = 1
 LEFT JOIN `vAcatalog_product_relation` AS `relation` ON cpe.entity_id = relation.parent_id
 LEFT JOIN `vAcatalog_product_entity` AS `relation_product_entity` ON relation.child_id = relation_product_entity.entity_id
 LEFT JOIN `vAcatalog_product_entity_int` AS `child_cpsd` ON child_cpsd.entity_id = relation_product_entity.entity_id AND child_cpsd.store_id = 0 AND child_cpsd.attribute_id = 97
 LEFT JOIN `vAcatalog_product_entity_int` AS `child_cpss` ON child_cpss.entity_id = relation_product_entity.entity_id AND child_cpss.attribute_id = child_cpsd.attribute_id AND child_cpss.store_id = 1 WHERE (cc.path LIKE '1/2/%') AND (cpw.website_id = '1') AND (IFNULL(cpss.value, cpsd.value) = 1) AND (IFNULL(cpvs.value, cpvd.value) IN (2, 3, 4)) AND (relation.child_id IS NULL OR IFNULL(child_cpss.value, child_cpsd.value) = 1) AND (ccp.product_id IN ('1179') OR relation.child_id IN ('1179')) GROUP BY `cc`.`entity_id`,
	`ccp`.`product_id`,
	`visibility` ON DUPLICATE KEY UPDATE `category_id` = VALUES(`category_id`), `product_id` = VALUES(`product_id`), `position` = VALUES(`position`), `is_parent` = VALUES(`is_parent`), `store_id` = VALUES(`store_id`), `visibility` = VALUES(`visibility`) {"exception":"[object] (Magento\\Framework\\DB\\Adapter\\DeadlockException(code: 1213): SQLSTATE[40001]: Serialization failure: 1213 Deadlock found when trying to get lock; try restarting transaction, query was: INSERT INTO `vAcatalog_category_product_index_store1` (`category_id`, `product_id`, `position`, `is_parent`, `store_id`, `visibility`) SELECT `cc`.`entity_id` AS `category_id`, `ccp`.`product_id`, `ccp`.`position`, 1 AS `is_parent`, 1 AS `store_id`, IFNULL(cpvs.value, cpvd.value) AS `visibility` FROM `vAcatalog_category_entity` AS `cc`
 INNER JOIN `vAcatalog_category_product` AS `ccp` ON ccp.category_id = cc.entity_id
 INNER JOIN `vAcatalog_product_website` AS `cpw` ON cpw.product_id = ccp.product_id
 INNER JOIN `vAcatalog_product_entity` AS `cpe` ON ccp.product_id = cpe.entity_id
 INNER JOIN `vAcatalog_product_entity_int` AS `cpsd` ON cpsd.entity_id = cpe.entity_id AND cpsd.store_id = 0 AND cpsd.attribute_id = 97
 LEFT JOIN `vAcatalog_product_entity_int` AS `cpss` ON cpss.entity_id = cpe.entity_id AND cpss.attribute_id = cpsd.attribute_id AND cpss.store_id = 1
 INNER JOIN `vAcatalog_product_entity_int` AS `cpvd` ON cpvd.entity_id = cpe.entity_id AND cpvd.store_id = 0 AND cpvd.attribute_id = 99
 LEFT JOIN `vAcatalog_product_entity_int` AS `cpvs` ON cpvs.entity_id = cpe.entity_id AND cpvs.attribute_id = cpvd.attribute_id AND cpvs.store_id = 1
 LEFT JOIN `vAcatalog_product_relation` AS `relation` ON cpe.entity_id = relation.parent_id
 LEFT JOIN `vAcatalog_product_entity` AS `relation_product_entity` ON relation.child_id = relation_product_entity.entity_id
 LEFT JOIN `vAcatalog_product_entity_int` AS `child_cpsd` ON child_cpsd.entity_id = relation_product_entity.entity_id AND child_cpsd.store_id = 0 AND child_cpsd.attribute_id = 97
 LEFT JOIN `vAcatalog_product_entity_int` AS `child_cpss` ON child_cpss.entity_id = relation_product_entity.entity_id AND child_cpss.attribute_id = child_cpsd.attribute_id AND child_cpss.store_id = 1 WHERE (cc.path LIKE '1/2/%') AND (cpw.website_id = '1') AND (IFNULL(cpss.value, cpsd.value) = 1) AND (IFNULL(cpvs.value, cpvd.value) IN (2, 3, 4)) AND (relation.child_id IS NULL OR IFNULL(child_cpss.value, child_cpsd.value) = 1) AND (ccp.product_id IN ('1179') OR relation.child_id IN ('1179')) GROUP BY `cc`.`entity_id`,
\t`ccp`.`product_id`,
\t`visibility` ON DUPLICATE KEY UPDATE `category_id` = VALUES(`category_id`), `product_id` = VALUES(`product_id`), `position` = VALUES(`position`), `is_parent` = VALUES(`is_parent`), `store_id` = VALUES(`store_id`), `visibility` = VALUES(`visibility`) at C:\\xampp\\htdocs\\visionAvenue\\vendor\\magento\\framework\\DB\\Adapter\\Pdo\\Mysql.php:571, Zend_Db_Statement_Exception(code: 40001): SQLSTATE[40001]: Serialization failure: 1213 Deadlock found when trying to get lock; try restarting transaction, query was: INSERT INTO `vAcatalog_category_product_index_store1` (`category_id`, `product_id`, `position`, `is_parent`, `store_id`, `visibility`) SELECT `cc`.`entity_id` AS `category_id`, `ccp`.`product_id`, `ccp`.`position`, 1 AS `is_parent`, 1 AS `store_id`, IFNULL(cpvs.value, cpvd.value) AS `visibility` FROM `vAcatalog_category_entity` AS `cc`
 INNER JOIN `vAcatalog_category_product` AS `ccp` ON ccp.category_id = cc.entity_id
 INNER JOIN `vAcatalog_product_website` AS `cpw` ON cpw.product_id = ccp.product_id
 INNER JOIN `vAcatalog_product_entity` AS `cpe` ON ccp.product_id = cpe.entity_id
 INNER JOIN `vAcatalog_product_entity_int` AS `cpsd` ON cpsd.entity_id = cpe.entity_id AND cpsd.store_id = 0 AND cpsd.attribute_id = 97
 LEFT JOIN `vAcatalog_product_entity_int` AS `cpss` ON cpss.entity_id = cpe.entity_id AND cpss.attribute_id = cpsd.attribute_id AND cpss.store_id = 1
 INNER JOIN `vAcatalog_product_entity_int` AS `cpvd` ON cpvd.entity_id = cpe.entity_id AND cpvd.store_id = 0 AND cpvd.attribute_id = 99
 LEFT JOIN `vAcatalog_product_entity_int` AS `cpvs` ON cpvs.entity_id = cpe.entity_id AND cpvs.attribute_id = cpvd.attribute_id AND cpvs.store_id = 1
 LEFT JOIN `vAcatalog_product_relation` AS `relation` ON cpe.entity_id = relation.parent_id
 LEFT JOIN `vAcatalog_product_entity` AS `relation_product_entity` ON relation.child_id = relation_product_entity.entity_id
 LEFT JOIN `vAcatalog_product_entity_int` AS `child_cpsd` ON child_cpsd.entity_id = relation_product_entity.entity_id AND child_cpsd.store_id = 0 AND child_cpsd.attribute_id = 97
 LEFT JOIN `vAcatalog_product_entity_int` AS `child_cpss` ON child_cpss.entity_id = relation_product_entity.entity_id AND child_cpss.attribute_id = child_cpsd.attribute_id AND child_cpss.store_id = 1 WHERE (cc.path LIKE '1/2/%') AND (cpw.website_id = '1') AND (IFNULL(cpss.value, cpsd.value) = 1) AND (IFNULL(cpvs.value, cpvd.value) IN (2, 3, 4)) AND (relation.child_id IS NULL OR IFNULL(child_cpss.value, child_cpsd.value) = 1) AND (ccp.product_id IN ('1179') OR relation.child_id IN ('1179')) GROUP BY `cc`.`entity_id`,
\t`ccp`.`product_id`,
\t`visibility` ON DUPLICATE KEY UPDATE `category_id` = VALUES(`category_id`), `product_id` = VALUES(`product_id`), `position` = VALUES(`position`), `is_parent` = VALUES(`is_parent`), `store_id` = VALUES(`store_id`), `visibility` = VALUES(`visibility`) at C:\\xampp\\htdocs\\visionAvenue\\vendor\\magento\\zendframework1\\library\\Zend\\Db\\Statement\\Pdo.php:235, PDOException(code: 40001): SQLSTATE[40001]: Serialization failure: 1213 Deadlock found when trying to get lock; try restarting transaction at C:\\xampp\\htdocs\\visionAvenue\\vendor\\magento\\zendframework1\\library\\Zend\\Db\\Statement\\Pdo.php:228)"} []
[2018-07-11 18:09:55] main.CRITICAL: SQLSTATE[40001]: Serialization failure: 1213 Deadlock found when trying to get lock; try restarting transaction, query was: INSERT INTO `vAcatalog_category_product_index_store1` (`category_id`, `product_id`, `position`, `is_parent`, `store_id`, `visibility`) SELECT `cc`.`entity_id` AS `category_id`, `ccp`.`product_id`, `ccp`.`position`, 1 AS `is_parent`, 1 AS `store_id`, IFNULL(cpvs.value, cpvd.value) AS `visibility` FROM `vAcatalog_category_entity` AS `cc`
 INNER JOIN `vAcatalog_category_product` AS `ccp` ON ccp.category_id = cc.entity_id
 INNER JOIN `vAcatalog_product_website` AS `cpw` ON cpw.product_id = ccp.product_id
 INNER JOIN `vAcatalog_product_entity` AS `cpe` ON ccp.product_id = cpe.entity_id
 INNER JOIN `vAcatalog_product_entity_int` AS `cpsd` ON cpsd.entity_id = cpe.entity_id AND cpsd.store_id = 0 AND cpsd.attribute_id = 97
 LEFT JOIN `vAcatalog_product_entity_int` AS `cpss` ON cpss.entity_id = cpe.entity_id AND cpss.attribute_id = cpsd.attribute_id AND cpss.store_id = 1
 INNER JOIN `vAcatalog_product_entity_int` AS `cpvd` ON cpvd.entity_id = cpe.entity_id AND cpvd.store_id = 0 AND cpvd.attribute_id = 99
 LEFT JOIN `vAcatalog_product_entity_int` AS `cpvs` ON cpvs.entity_id = cpe.entity_id AND cpvs.attribute_id = cpvd.attribute_id AND cpvs.store_id = 1
 LEFT JOIN `vAcatalog_product_relation` AS `relation` ON cpe.entity_id = relation.parent_id
 LEFT JOIN `vAcatalog_product_entity` AS `relation_product_entity` ON relation.child_id = relation_product_entity.entity_id
 LEFT JOIN `vAcatalog_product_entity_int` AS `child_cpsd` ON child_cpsd.entity_id = relation_product_entity.entity_id AND child_cpsd.store_id = 0 AND child_cpsd.attribute_id = 97
 LEFT JOIN `vAcatalog_product_entity_int` AS `child_cpss` ON child_cpss.entity_id = relation_product_entity.entity_id AND child_cpss.attribute_id = child_cpsd.attribute_id AND child_cpss.store_id = 1 WHERE (cc.path LIKE '1/2/%') AND (cpw.website_id = '1') AND (IFNULL(cpss.value, cpsd.value) = 1) AND (IFNULL(cpvs.value, cpvd.value) IN (2, 3, 4)) AND (relation.child_id IS NULL OR IFNULL(child_cpss.value, child_cpsd.value) = 1) AND (ccp.product_id IN ('1375') OR relation.child_id IN ('1375')) GROUP BY `cc`.`entity_id`,
	`ccp`.`product_id`,
	`visibility` ON DUPLICATE KEY UPDATE `category_id` = VALUES(`category_id`), `product_id` = VALUES(`product_id`), `position` = VALUES(`position`), `is_parent` = VALUES(`is_parent`), `store_id` = VALUES(`store_id`), `visibility` = VALUES(`visibility`) {"exception":"[object] (Magento\\Framework\\DB\\Adapter\\DeadlockException(code: 1213): SQLSTATE[40001]: Serialization failure: 1213 Deadlock found when trying to get lock; try restarting transaction, query was: INSERT INTO `vAcatalog_category_product_index_store1` (`category_id`, `product_id`, `position`, `is_parent`, `store_id`, `visibility`) SELECT `cc`.`entity_id` AS `category_id`, `ccp`.`product_id`, `ccp`.`position`, 1 AS `is_parent`, 1 AS `store_id`, IFNULL(cpvs.value, cpvd.value) AS `visibility` FROM `vAcatalog_category_entity` AS `cc`
 INNER JOIN `vAcatalog_category_product` AS `ccp` ON ccp.category_id = cc.entity_id
 INNER JOIN `vAcatalog_product_website` AS `cpw` ON cpw.product_id = ccp.product_id
 INNER JOIN `vAcatalog_product_entity` AS `cpe` ON ccp.product_id = cpe.entity_id
 INNER JOIN `vAcatalog_product_entity_int` AS `cpsd` ON cpsd.entity_id = cpe.entity_id AND cpsd.store_id = 0 AND cpsd.attribute_id = 97
 LEFT JOIN `vAcatalog_product_entity_int` AS `cpss` ON cpss.entity_id = cpe.entity_id AND cpss.attribute_id = cpsd.attribute_id AND cpss.store_id = 1
 INNER JOIN `vAcatalog_product_entity_int` AS `cpvd` ON cpvd.entity_id = cpe.entity_id AND cpvd.store_id = 0 AND cpvd.attribute_id = 99
 LEFT JOIN `vAcatalog_product_entity_int` AS `cpvs` ON cpvs.entity_id = cpe.entity_id AND cpvs.attribute_id = cpvd.attribute_id AND cpvs.store_id = 1
 LEFT JOIN `vAcatalog_product_relation` AS `relation` ON cpe.entity_id = relation.parent_id
 LEFT JOIN `vAcatalog_product_entity` AS `relation_product_entity` ON relation.child_id = relation_product_entity.entity_id
 LEFT JOIN `vAcatalog_product_entity_int` AS `child_cpsd` ON child_cpsd.entity_id = relation_product_entity.entity_id AND child_cpsd.store_id = 0 AND child_cpsd.attribute_id = 97
 LEFT JOIN `vAcatalog_product_entity_int` AS `child_cpss` ON child_cpss.entity_id = relation_product_entity.entity_id AND child_cpss.attribute_id = child_cpsd.attribute_id AND child_cpss.store_id = 1 WHERE (cc.path LIKE '1/2/%') AND (cpw.website_id = '1') AND (IFNULL(cpss.value, cpsd.value) = 1) AND (IFNULL(cpvs.value, cpvd.value) IN (2, 3, 4)) AND (relation.child_id IS NULL OR IFNULL(child_cpss.value, child_cpsd.value) = 1) AND (ccp.product_id IN ('1375') OR relation.child_id IN ('1375')) GROUP BY `cc`.`entity_id`,
\t`ccp`.`product_id`,
\t`visibility` ON DUPLICATE KEY UPDATE `category_id` = VALUES(`category_id`), `product_id` = VALUES(`product_id`), `position` = VALUES(`position`), `is_parent` = VALUES(`is_parent`), `store_id` = VALUES(`store_id`), `visibility` = VALUES(`visibility`) at C:\\xampp\\htdocs\\visionAvenue\\vendor\\magento\\framework\\DB\\Adapter\\Pdo\\Mysql.php:571, Zend_Db_Statement_Exception(code: 40001): SQLSTATE[40001]: Serialization failure: 1213 Deadlock found when trying to get lock; try restarting transaction, query was: INSERT INTO `vAcatalog_category_product_index_store1` (`category_id`, `product_id`, `position`, `is_parent`, `store_id`, `visibility`) SELECT `cc`.`entity_id` AS `category_id`, `ccp`.`product_id`, `ccp`.`position`, 1 AS `is_parent`, 1 AS `store_id`, IFNULL(cpvs.value, cpvd.value) AS `visibility` FROM `vAcatalog_category_entity` AS `cc`
 INNER JOIN `vAcatalog_category_product` AS `ccp` ON ccp.category_id = cc.entity_id
 INNER JOIN `vAcatalog_product_website` AS `cpw` ON cpw.product_id = ccp.product_id
 INNER JOIN `vAcatalog_product_entity` AS `cpe` ON ccp.product_id = cpe.entity_id
 INNER JOIN `vAcatalog_product_entity_int` AS `cpsd` ON cpsd.entity_id = cpe.entity_id AND cpsd.store_id = 0 AND cpsd.attribute_id = 97
 LEFT JOIN `vAcatalog_product_entity_int` AS `cpss` ON cpss.entity_id = cpe.entity_id AND cpss.attribute_id = cpsd.attribute_id AND cpss.store_id = 1
 INNER JOIN `vAcatalog_product_entity_int` AS `cpvd` ON cpvd.entity_id = cpe.entity_id AND cpvd.store_id = 0 AND cpvd.attribute_id = 99
 LEFT JOIN `vAcatalog_product_entity_int` AS `cpvs` ON cpvs.entity_id = cpe.entity_id AND cpvs.attribute_id = cpvd.attribute_id AND cpvs.store_id = 1
 LEFT JOIN `vAcatalog_product_relation` AS `relation` ON cpe.entity_id = relation.parent_id
 LEFT JOIN `vAcatalog_product_entity` AS `relation_product_entity` ON relation.child_id = relation_product_entity.entity_id
 LEFT JOIN `vAcatalog_product_entity_int` AS `child_cpsd` ON child_cpsd.entity_id = relation_product_entity.entity_id AND child_cpsd.store_id = 0 AND child_cpsd.attribute_id = 97
 LEFT JOIN `vAcatalog_product_entity_int` AS `child_cpss` ON child_cpss.entity_id = relation_product_entity.entity_id AND child_cpss.attribute_id = child_cpsd.attribute_id AND child_cpss.store_id = 1 WHERE (cc.path LIKE '1/2/%') AND (cpw.website_id = '1') AND (IFNULL(cpss.value, cpsd.value) = 1) AND (IFNULL(cpvs.value, cpvd.value) IN (2, 3, 4)) AND (relation.child_id IS NULL OR IFNULL(child_cpss.value, child_cpsd.value) = 1) AND (ccp.product_id IN ('1375') OR relation.child_id IN ('1375')) GROUP BY `cc`.`entity_id`,
\t`ccp`.`product_id`,
\t`visibility` ON DUPLICATE KEY UPDATE `category_id` = VALUES(`category_id`), `product_id` = VALUES(`product_id`), `position` = VALUES(`position`), `is_parent` = VALUES(`is_parent`), `store_id` = VALUES(`store_id`), `visibility` = VALUES(`visibility`) at C:\\xampp\\htdocs\\visionAvenue\\vendor\\magento\\zendframework1\\library\\Zend\\Db\\Statement\\Pdo.php:235, PDOException(code: 40001): SQLSTATE[40001]: Serialization failure: 1213 Deadlock found when trying to get lock; try restarting transaction at C:\\xampp\\htdocs\\visionAvenue\\vendor\\magento\\zendframework1\\library\\Zend\\Db\\Statement\\Pdo.php:228)"} []
[2018-07-11 18:13:52] main.CRITICAL: SQLSTATE[40001]: Serialization failure: 1213 Deadlock found when trying to get lock; try restarting transaction, query was: INSERT INTO `vAcatalog_category_product_index_store1` (`category_id`, `product_id`, `position`, `is_parent`, `store_id`, `visibility`) SELECT `cc`.`entity_id` AS `category_id`, `ccp`.`product_id`, `ccp`.`position`, 1 AS `is_parent`, 1 AS `store_id`, IFNULL(cpvs.value, cpvd.value) AS `visibility` FROM `vAcatalog_category_entity` AS `cc`
 INNER JOIN `vAcatalog_category_product` AS `ccp` ON ccp.category_id = cc.entity_id
 INNER JOIN `vAcatalog_product_website` AS `cpw` ON cpw.product_id = ccp.product_id
 INNER JOIN `vAcatalog_product_entity` AS `cpe` ON ccp.product_id = cpe.entity_id
 INNER JOIN `vAcatalog_product_entity_int` AS `cpsd` ON cpsd.entity_id = cpe.entity_id AND cpsd.store_id = 0 AND cpsd.attribute_id = 97
 LEFT JOIN `vAcatalog_product_entity_int` AS `cpss` ON cpss.entity_id = cpe.entity_id AND cpss.attribute_id = cpsd.attribute_id AND cpss.store_id = 1
 INNER JOIN `vAcatalog_product_entity_int` AS `cpvd` ON cpvd.entity_id = cpe.entity_id AND cpvd.store_id = 0 AND cpvd.attribute_id = 99
 LEFT JOIN `vAcatalog_product_entity_int` AS `cpvs` ON cpvs.entity_id = cpe.entity_id AND cpvs.attribute_id = cpvd.attribute_id AND cpvs.store_id = 1
 LEFT JOIN `vAcatalog_product_relation` AS `relation` ON cpe.entity_id = relation.parent_id
 LEFT JOIN `vAcatalog_product_entity` AS `relation_product_entity` ON relation.child_id = relation_product_entity.entity_id
 LEFT JOIN `vAcatalog_product_entity_int` AS `child_cpsd` ON child_cpsd.entity_id = relation_product_entity.entity_id AND child_cpsd.store_id = 0 AND child_cpsd.attribute_id = 97
 LEFT JOIN `vAcatalog_product_entity_int` AS `child_cpss` ON child_cpss.entity_id = relation_product_entity.entity_id AND child_cpss.attribute_id = child_cpsd.attribute_id AND child_cpss.store_id = 1 WHERE (cc.path LIKE '1/2/%') AND (cpw.website_id = '1') AND (IFNULL(cpss.value, cpsd.value) = 1) AND (IFNULL(cpvs.value, cpvd.value) IN (2, 3, 4)) AND (relation.child_id IS NULL OR IFNULL(child_cpss.value, child_cpsd.value) = 1) AND (ccp.product_id IN ('1541') OR relation.child_id IN ('1541')) GROUP BY `cc`.`entity_id`,
	`ccp`.`product_id`,
	`visibility` ON DUPLICATE KEY UPDATE `category_id` = VALUES(`category_id`), `product_id` = VALUES(`product_id`), `position` = VALUES(`position`), `is_parent` = VALUES(`is_parent`), `store_id` = VALUES(`store_id`), `visibility` = VALUES(`visibility`) {"exception":"[object] (Magento\\Framework\\DB\\Adapter\\DeadlockException(code: 1213): SQLSTATE[40001]: Serialization failure: 1213 Deadlock found when trying to get lock; try restarting transaction, query was: INSERT INTO `vAcatalog_category_product_index_store1` (`category_id`, `product_id`, `position`, `is_parent`, `store_id`, `visibility`) SELECT `cc`.`entity_id` AS `category_id`, `ccp`.`product_id`, `ccp`.`position`, 1 AS `is_parent`, 1 AS `store_id`, IFNULL(cpvs.value, cpvd.value) AS `visibility` FROM `vAcatalog_category_entity` AS `cc`
 INNER JOIN `vAcatalog_category_product` AS `ccp` ON ccp.category_id = cc.entity_id
 INNER JOIN `vAcatalog_product_website` AS `cpw` ON cpw.product_id = ccp.product_id
 INNER JOIN `vAcatalog_product_entity` AS `cpe` ON ccp.product_id = cpe.entity_id
 INNER JOIN `vAcatalog_product_entity_int` AS `cpsd` ON cpsd.entity_id = cpe.entity_id AND cpsd.store_id = 0 AND cpsd.attribute_id = 97
 LEFT JOIN `vAcatalog_product_entity_int` AS `cpss` ON cpss.entity_id = cpe.entity_id AND cpss.attribute_id = cpsd.attribute_id AND cpss.store_id = 1
 INNER JOIN `vAcatalog_product_entity_int` AS `cpvd` ON cpvd.entity_id = cpe.entity_id AND cpvd.store_id = 0 AND cpvd.attribute_id = 99
 LEFT JOIN `vAcatalog_product_entity_int` AS `cpvs` ON cpvs.entity_id = cpe.entity_id AND cpvs.attribute_id = cpvd.attribute_id AND cpvs.store_id = 1
 LEFT JOIN `vAcatalog_product_relation` AS `relation` ON cpe.entity_id = relation.parent_id
 LEFT JOIN `vAcatalog_product_entity` AS `relation_product_entity` ON relation.child_id = relation_product_entity.entity_id
 LEFT JOIN `vAcatalog_product_entity_int` AS `child_cpsd` ON child_cpsd.entity_id = relation_product_entity.entity_id AND child_cpsd.store_id = 0 AND child_cpsd.attribute_id = 97
 LEFT JOIN `vAcatalog_product_entity_int` AS `child_cpss` ON child_cpss.entity_id = relation_product_entity.entity_id AND child_cpss.attribute_id = child_cpsd.attribute_id AND child_cpss.store_id = 1 WHERE (cc.path LIKE '1/2/%') AND (cpw.website_id = '1') AND (IFNULL(cpss.value, cpsd.value) = 1) AND (IFNULL(cpvs.value, cpvd.value) IN (2, 3, 4)) AND (relation.child_id IS NULL OR IFNULL(child_cpss.value, child_cpsd.value) = 1) AND (ccp.product_id IN ('1541') OR relation.child_id IN ('1541')) GROUP BY `cc`.`entity_id`,
\t`ccp`.`product_id`,
\t`visibility` ON DUPLICATE KEY UPDATE `category_id` = VALUES(`category_id`), `product_id` = VALUES(`product_id`), `position` = VALUES(`position`), `is_parent` = VALUES(`is_parent`), `store_id` = VALUES(`store_id`), `visibility` = VALUES(`visibility`) at C:\\xampp\\htdocs\\visionAvenue\\vendor\\magento\\framework\\DB\\Adapter\\Pdo\\Mysql.php:571, Zend_Db_Statement_Exception(code: 40001): SQLSTATE[40001]: Serialization failure: 1213 Deadlock found when trying to get lock; try restarting transaction, query was: INSERT INTO `vAcatalog_category_product_index_store1` (`category_id`, `product_id`, `position`, `is_parent`, `store_id`, `visibility`) SELECT `cc`.`entity_id` AS `category_id`, `ccp`.`product_id`, `ccp`.`position`, 1 AS `is_parent`, 1 AS `store_id`, IFNULL(cpvs.value, cpvd.value) AS `visibility` FROM `vAcatalog_category_entity` AS `cc`
 INNER JOIN `vAcatalog_category_product` AS `ccp` ON ccp.category_id = cc.entity_id
 INNER JOIN `vAcatalog_product_website` AS `cpw` ON cpw.product_id = ccp.product_id
 INNER JOIN `vAcatalog_product_entity` AS `cpe` ON ccp.product_id = cpe.entity_id
 INNER JOIN `vAcatalog_product_entity_int` AS `cpsd` ON cpsd.entity_id = cpe.entity_id AND cpsd.store_id = 0 AND cpsd.attribute_id = 97
 LEFT JOIN `vAcatalog_product_entity_int` AS `cpss` ON cpss.entity_id = cpe.entity_id AND cpss.attribute_id = cpsd.attribute_id AND cpss.store_id = 1
 INNER JOIN `vAcatalog_product_entity_int` AS `cpvd` ON cpvd.entity_id = cpe.entity_id AND cpvd.store_id = 0 AND cpvd.attribute_id = 99
 LEFT JOIN `vAcatalog_product_entity_int` AS `cpvs` ON cpvs.entity_id = cpe.entity_id AND cpvs.attribute_id = cpvd.attribute_id AND cpvs.store_id = 1
 LEFT JOIN `vAcatalog_product_relation` AS `relation` ON cpe.entity_id = relation.parent_id
 LEFT JOIN `vAcatalog_product_entity` AS `relation_product_entity` ON relation.child_id = relation_product_entity.entity_id
 LEFT JOIN `vAcatalog_product_entity_int` AS `child_cpsd` ON child_cpsd.entity_id = relation_product_entity.entity_id AND child_cpsd.store_id = 0 AND child_cpsd.attribute_id = 97
 LEFT JOIN `vAcatalog_product_entity_int` AS `child_cpss` ON child_cpss.entity_id = relation_product_entity.entity_id AND child_cpss.attribute_id = child_cpsd.attribute_id AND child_cpss.store_id = 1 WHERE (cc.path LIKE '1/2/%') AND (cpw.website_id = '1') AND (IFNULL(cpss.value, cpsd.value) = 1) AND (IFNULL(cpvs.value, cpvd.value) IN (2, 3, 4)) AND (relation.child_id IS NULL OR IFNULL(child_cpss.value, child_cpsd.value) = 1) AND (ccp.product_id IN ('1541') OR relation.child_id IN ('1541')) GROUP BY `cc`.`entity_id`,
\t`ccp`.`product_id`,
\t`visibility` ON DUPLICATE KEY UPDATE `category_id` = VALUES(`category_id`), `product_id` = VALUES(`product_id`), `position` = VALUES(`position`), `is_parent` = VALUES(`is_parent`), `store_id` = VALUES(`store_id`), `visibility` = VALUES(`visibility`) at C:\\xampp\\htdocs\\visionAvenue\\vendor\\magento\\zendframework1\\library\\Zend\\Db\\Statement\\Pdo.php:235, PDOException(code: 40001): SQLSTATE[40001]: Serialization failure: 1213 Deadlock found when trying to get lock; try restarting transaction at C:\\xampp\\htdocs\\visionAvenue\\vendor\\magento\\zendframework1\\library\\Zend\\Db\\Statement\\Pdo.php:228)"} []
